[2019-06-21 10:16:40] app.EMERGENCY: 当前内存使用量超过 80%。内存限制：134217728,已使用 108597248。task进程pid:2。内存峰值：108597248 [] []
[2019-06-21 10:16:41] app.CRITICAL: 当前内存使用量超过 84%。内存限制：134217728,已使用 114003968。task进程pid:6。内存峰值：114003968 [] []
[2019-06-21 10:16:41] app.CRITICAL: 当前内存使用量超过 84%。内存限制：134217728,已使用 114003968。task进程pid:4。内存峰值：114003968 [] []
[2019-06-21 10:16:41] app.CRITICAL: 当前内存使用量超过 84%。内存限制：134217728,已使用 114003968。task进程pid:5。内存峰值：114003968 [] []
[2019-06-21 10:16:41] app.CRITICAL: 当前内存使用量超过 84%。内存限制：134217728,已使用 114003968。task进程pid:7。内存峰值：114003968 [] []
[2019-06-21 10:16:41] app.CRITICAL: 当前内存使用量超过 84%。内存限制：134217728,已使用 114003968。task进程pid:3。内存峰值：114003968 [] []
[2019-06-21 10:16:41] app.CRITICAL: 当前内存使用量超过 84%。内存限制：134217728,已使用 113790976。task进程pid:9。内存峰值：113790976 [] []
[2019-06-21 10:16:41] app.CRITICAL: 当前内存使用量超过 84%。内存限制：134217728,已使用 114003968。task进程pid:8。内存峰值：114003968 [] []
[2019-06-21 10:16:40] app.EMERGENCY: 当前内存使用量超过 80%。内存限制：134217728,已使用 108597248。task进程pid:3。内存峰值：108597248 [] []
[2019-06-21 10:16:43] app.CRITICAL: 当前内存使用量超过 84%。内存限制：134217728,已使用 113934336。task进程pid:2。内存峰值：113934336 [] []
[2019-06-21 10:16:43] app.CRITICAL: 当前内存使用量超过 83%。内存限制：134217728,已使用 111980544。work进程pid:0。内存峰值：111980544 [] []
[2019-06-21 10:16:40] app.EMERGENCY: 当前内存使用量超过 80%。内存限制：134217728,已使用 108597248。task进程pid:6。内存峰值：108597248 [] []
[2019-06-21 10:16:43] app.CRITICAL: 当前内存使用量超过 83%。内存限制：134217728,已使用 111980544。work进程pid:1。内存峰值：111980544 [] []
[2019-06-21 10:16:40] app.EMERGENCY: 当前内存使用量超过 80%。内存限制：134217728,已使用 108597248。task进程pid:7。内存峰值：108597248 [] []
[2019-06-21 10:16:40] app.EMERGENCY: 当前内存使用量超过 80%。内存限制：134217728,已使用 108597248。task进程pid:8。内存峰值：108597248 [] []
[2019-06-21 10:16:40] app.EMERGENCY: 当前内存使用量超过 80%。内存限制：134217728,已使用 108380160。task进程pid:9。内存峰值：108380160 [] []
[2019-06-21 10:16:40] app.EMERGENCY: 当前内存使用量超过 80%。内存限制：134217728,已使用 108597248。task进程pid:4。内存峰值：108597248 [] []
[2019-06-21 10:16:45] app.ERROR: 当前内存使用量超过 86%。内存限制：134217728,已使用 115580928。work进程pid:0。内存峰值：115580928 [] []
[2019-06-21 10:16:45] app.CRITICAL: 当前内存使用量超过 84%。内存限制：134217728,已使用 114077696。task进程pid:6。内存峰值：114077696 [] []
[2019-06-21 10:16:45] app.ERROR: 当前内存使用量超过 91%。内存限制：134217728,已使用 122781696。work进程pid:0。内存峰值：122781696 [] []
[2019-06-21 10:16:45] app.ERROR: 当前内存使用量超过 84%。内存限制：134217728,已使用 114003968。task进程pid:2。内存峰值：114003968 [] []
[2019-06-21 10:16:40] app.EMERGENCY: 当前内存使用量超过 80%。内存限制：134217728,已使用 108380160。work进程pid:1。内存峰值：108380160 [] []
[2019-06-21 10:16:40] app.EMERGENCY: 当前内存使用量超过 80%。内存限制：134217728,已使用 108597248。task进程pid:5。内存峰值：108597248 [] []
[2019-06-21 10:16:45] app.ERROR: 当前内存使用量超过 88%。内存限制：134217728,已使用 119181312。work进程pid:0。内存峰值：119181312 [] []
[2019-06-21 10:16:45] app.CRITICAL: 当前内存使用量超过 84%。内存限制：134217728,已使用 113860608。task进程pid:9。内存峰值：113860608 [] []
[2019-06-21 10:16:45] app.ERROR: 当前内存使用量超过 86%。内存限制：134217728,已使用 115580928。work进程pid:1。内存峰值：115580928 [] []
[2019-06-21 10:16:45] app.CRITICAL: 当前内存使用量超过 84%。内存限制：134217728,已使用 114077696。task进程pid:7。内存峰值：114077696 [] []
[2019-06-21 10:16:45] app.ERROR: 当前内存使用量超过 88%。内存限制：134217728,已使用 119181312。work进程pid:1。内存峰值：119181312 [] []
[2019-06-21 10:16:45] app.CRITICAL: 当前内存使用量超过 84%。内存限制：134217728,已使用 114077696。task进程pid:8。内存峰值：114077696 [] []
[2019-06-21 10:16:45] app.EMERGENCY: 请求信息 {"use_time":5,"request":"{\"base_uri\":\"http:\\/\\/192.168.85.201:8086\",\"body\":{\"mobile\":\"15019451216\",\"content\":\"当前内存使用量超过 80%。内存限制：134217728,已使用 108380160。work进程p\",\"channel_id\":10002,\"signature\":\"智慧油站\",\"app_id\":10017,\"token\":\"5252809e91e88eba8129f04a564030d3\"},\"flag_params\":[],\"query_params\":[]}","response":{"http_code":-2,"reason":"Unknown","headers":[],"body":""}} []
[2019-06-21 10:16:47] app.CRITICAL: 当前内存使用量超过 94%。内存限制：134217728,已使用 126382080。work进程pid:0。内存峰值：126382080 [] []
[2019-06-21 10:16:40] app.EMERGENCY: 当前内存使用量超过 80%。内存限制：134217728,已使用 108380160。work进程pid:0。内存峰值：108380160 [] []
[2019-06-21 10:16:47] app.CRITICAL: 当前内存使用量超过 94%。内存限制：134217728,已使用 126382080。work进程pid:1。内存峰值：126382080 [] []
[2019-06-21 10:16:47] app.ERROR: 当前内存使用量超过 91%。内存限制：134217728,已使用 122781696。work进程pid:1。内存峰值：122781696 [] []
[2019-06-21 10:16:47] app.ERROR: 当前内存使用量超过 99%。内存限制：134217728,已使用 133578752。work进程pid:1。内存峰值：133578752 [] []
[2019-06-21 10:16:47] app.EMERGENCY: 当前内存使用量超过 84%。内存限制：134217728,已使用 114077696。task进程pid:5。内存峰值：114077696 [] []
[2019-06-21 10:16:48] app.CRITICAL: 当前内存使用量超过 85%。内存限制：134217728,已使用 114868224。task进程pid:3。内存峰值：114868224 [] []
[2019-06-21 10:16:48] app.ERROR: 当前内存使用量超过 85%。内存限制：134217728,已使用 115159040。task进程pid:8。内存峰值：115159040 [] []
[2019-06-21 10:16:48] app.CRITICAL: 当前内存使用量超过 85%。内存限制：134217728,已使用 115372032。task进程pid:4。内存峰值：115372032 [] []
[2019-06-21 10:16:48] app.ERROR: 当前内存使用量超过 86%。内存限制：134217728,已使用 115732480。task进程pid:9。内存峰值：115732480 [] []
[2019-06-21 10:16:47] app.EMERGENCY: 当前内存使用量超过 96%。内存限制：134217728,已使用 129978368。work进程pid:0。内存峰值：129978368 [] []
[2019-06-21 10:16:47] app.EMERGENCY: 当前内存使用量超过 96%。内存限制：134217728,已使用 129978368。work进程pid:1。内存峰值：129978368 [] []
[2019-06-21 10:16:49] app.EMERGENCY: 当前内存使用量超过 85%。内存限制：134217728,已使用 114151424。task进程pid:7。内存峰值：114151424 [] []
[2019-06-21 10:16:49] app.CRITICAL: 当前内存使用量超过 86%。内存限制：134217728,已使用 115875840。task进程pid:5。内存峰值：115875840 [] []
[2019-06-21 10:16:49] app.ERROR: 当前内存使用量超过 85%。内存限制：134217728,已使用 114941952。task进程pid:3。内存峰值：114941952 [] []
[2019-06-21 10:16:49] app.ERROR: 当前内存使用量超过 99%。内存限制：134217728,已使用 133578752。work进程pid:0。内存峰值：133578752 [] []
[2019-06-21 10:16:49] app.ERROR: 当前内存使用量超过 86%。内存限制：134217728,已使用 115445760。task进程pid:4。内存峰值：115445760 [] []
[2019-06-21 10:16:49] app.CRITICAL: 当前内存使用量超过 86%。内存限制：134217728,已使用 115949568。task进程pid:9。内存峰值：115949568 [] []
[2019-06-21 10:16:50] app.CRITICAL: 当前内存使用量超过 86%。内存限制：134217728,已使用 116527104。task进程pid:2。内存峰值：116527104 [] []
[2019-06-21 10:16:50] app.CRITICAL: 当前内存使用量超过 85%。内存限制：134217728,已使用 115011584。task进程pid:6。内存峰值：115011584 [] []
[2019-06-21 10:16:50] app.ERROR: 当前内存使用量超过 86%。内存限制：134217728,已使用 116166656。task进程pid:4。内存峰值：116166656 [] []
[2019-06-21 10:16:50] app.ERROR: 当前内存使用量超过 86%。内存限制：134217728,已使用 115806208。task进程pid:3。内存峰值：115806208 [] []
[2019-06-21 10:16:47] app.EMERGENCY: 当前内存使用量超过 84%。内存限制：134217728,已使用 114077696。task进程pid:3。内存峰值：114077696 [] []
[2019-06-21 10:16:47] app.EMERGENCY: 当前内存使用量超过 84%。内存限制：134217728,已使用 114077696。task进程pid:4。内存峰值：114077696 [] []
[2019-06-21 10:16:50] app.CRITICAL: 当前内存使用量超过 86%。内存限制：134217728,已使用 116023296。task进程pid:8。内存峰值：116023296 [] []
[2019-06-21 10:16:47] app.EMERGENCY: 当前内存使用量超过 84%。内存限制：134217728,已使用 113934336。task进程pid:9。内存峰值：113934336 [] []
[2019-06-21 10:16:52] app.CRITICAL: 当前内存使用量超过 86%。内存限制：134217728,已使用 115875840。task进程pid:3。内存峰值：115875840 [] []
[2019-06-21 10:16:52] app.CRITICAL: 当前内存使用量超过 86%。内存限制：134217728,已使用 116166656。task进程pid:7。内存峰值：116166656 [] []
[2019-06-21 10:16:52] app.CRITICAL: 当前内存使用量超过 87%。内存限制：134217728,已使用 116887552。task进程pid:4。内存峰值：116887552 [] []
[2019-06-21 10:16:52] app.ERROR: 当前内存使用量超过 85%。内存限制：134217728,已使用 115085312。task进程pid:6。内存峰值：115085312 [] []
[2019-06-21 10:16:52] app.ERROR: 当前内存使用量超过 86%。内存限制：134217728,已使用 116596736。task进程pid:2。内存峰值：116596736 [] []
[2019-06-21 10:16:52] app.ERROR: 当前内存使用量超过 86%。内存限制：134217728,已使用 115949568。task进程pid:5。内存峰值：115949568 [] []
[2019-06-21 10:16:49] app.EMERGENCY: 当前内存使用量超过 85%。内存限制：134217728,已使用 114151424。task进程pid:6。内存峰值：114151424 [] []
[2019-06-21 10:16:49] app.EMERGENCY: 当前内存使用量超过 86%。内存限制：134217728,已使用 115662848。task进程pid:2。内存峰值：115662848 [] []
[2019-06-21 10:16:47] app.EMERGENCY: 当前内存使用量超过 85%。内存限制：134217728,已使用 114151424。task进程pid:8。内存峰值：114151424 [] []
[2019-06-21 10:16:53] app.EMERGENCY: 当前内存使用量超过 88%。内存限制：134217728,已使用 118611968。task进程pid:5。内存峰值：118611968 [] []
[2019-06-21 10:16:53] app.ERROR: 当前内存使用量超过 86%。内存限制：134217728,已使用 116236288。task进程pid:7。内存峰值：116236288 [] []
[2019-06-21 10:16:54] app.CRITICAL: 当前内存使用量超过 87%。内存限制：134217728,已使用 117243904。task进程pid:9。内存峰值：117243904 [] []
[2019-06-21 10:16:54] app.ERROR: 当前内存使用量超过 87%。内存限制：134217728,已使用 116813824。task进程pid:7。内存峰值：116813824 [] []
[2019-06-21 10:16:54] app.ERROR: 当前内存使用量超过 87%。内存限制：134217728,已使用 117243904。task进程pid:4。内存峰值：117243904 [] []
[2019-06-21 10:16:54] app.ERROR: 当前内存使用量超过 86%。内存限制：134217728,已使用 116023296。task进程pid:3。内存峰值：116023296 [] []
[2019-06-21 10:16:54] app.CRITICAL: 当前内存使用量超过 86%。内存限制：134217728,已使用 115875840。task进程pid:6。内存峰值：115875840 [] []
[2019-06-21 10:16:54] app.CRITICAL: 当前内存使用量超过 87%。内存限制：134217728,已使用 117391360。task进程pid:2。内存峰值：117391360 [] []
[2019-06-21 10:16:54] app.EMERGENCY: 当前内存使用量超过 87%。内存限制：134217728,已使用 116957184。task进程pid:4。内存峰值：116957184 [] []
[2019-06-21 10:16:54] app.EMERGENCY: 当前内存使用量超过 86%。内存限制：134217728,已使用 115875840。task进程pid:3。内存峰值：115875840 [] []
[2019-06-21 10:16:55] app.CRITICAL: 当前内存使用量超过 87%。内存限制：134217728,已使用 117100544。task进程pid:8。内存峰值：117100544 [] []
[2019-06-21 10:16:55] app.EMERGENCY: 当前内存使用量超过 89%。内存限制：134217728,已使用 120414208。task进程pid:7。内存峰值：120414208 [] []
[2019-06-21 10:16:55] app.CRITICAL: 当前内存使用量超过 89%。内存限制：134217728,已使用 119980032。task进程pid:5。内存峰值：119980032 [] []
[2019-06-21 10:16:56] app.CRITICAL: 当前内存使用量超过 87%。内存限制：134217728,已使用 117534720。task进程pid:3。内存峰值：117534720 [] []
[2019-06-21 10:16:56] app.CRITICAL: 当前内存使用量超过 88%。内存限制：134217728,已使用 118685696。task进程pid:4。内存峰值：118685696 [] []
[2019-06-21 10:16:56] app.ERROR: 当前内存使用量超过 87%。内存限制：134217728,已使用 117317632。task进程pid:9。内存峰值：117317632 [] []
[2019-06-21 10:16:53] app.EMERGENCY: 当前内存使用量超过 86%。内存限制：134217728,已使用 116023296。task进程pid:9。内存峰值：116023296 [] []
[2019-06-21 10:16:56] app.EMERGENCY: 当前内存使用量超过 86%。内存限制：134217728,已使用 115949568。task进程pid:6。内存峰值：115949568 [] []
[2019-06-21 10:16:56] app.EMERGENCY: 当前内存使用量超过 87%。内存限制：134217728,已使用 117460992。task进程pid:2。内存峰值：117460992 [] []
[2019-06-21 10:16:56] app.ERROR: 当前内存使用量超过 87%。内存限制：134217728,已使用 117174272。task进程pid:8。内存峰值：117174272 [] []
[2019-06-21 10:16:54] app.EMERGENCY: 当前内存使用量超过 86%。内存限制：134217728,已使用 116092928。task进程pid:8。内存峰值：116092928 [] []
[2019-06-21 10:16:57] app.CRITICAL: 当前内存使用量超过 90%。内存限制：134217728,已使用 121782272。task进程pid:7。内存峰值：121782272 [] []
[2019-06-21 10:16:57] app.ERROR: 当前内存使用量超过 89%。内存限制：134217728,已使用 120053760。task进程pid:5。内存峰值：120053760 [] []
[2019-06-21 10:16:58] app.ERROR: 当前内存使用量超过 87%。内存限制：134217728,已使用 117604352。task进程pid:3。内存峰值：117604352 [] []
[2019-06-21 10:16:58] app.ERROR: 当前内存使用量超过 90%。内存限制：134217728,已使用 122068992。task进程pid:5。内存峰值：122068992 [] []
[2019-06-21 10:16:58] app.ERROR: 当前内存使用量超过 87%。内存限制：134217728,已使用 117604352。task进程pid:3。内存峰值：117604352 [] []
[2019-06-21 10:16:58] app.ERROR: 当前内存使用量超过 88%。内存限制：134217728,已使用 118759424。task进程pid:4。内存峰值：118759424 [] []
[2019-06-21 10:16:58] app.CRITICAL: 当前内存使用量超过 87%。内存限制：134217728,已使用 118108160。task进程pid:9。内存峰值：118108160 [] []
[2019-06-21 10:16:58] app.CRITICAL: 当前内存使用量超过 88%。内存限制：134217728,已使用 118251520。task进程pid:6。内存峰值：118251520 [] []
[2019-06-21 10:16:58] app.ERROR: 当前内存使用量超过 90%。内存限制：134217728,已使用 121851904。task进程pid:7。内存峰值：121851904 [] []
[2019-06-21 10:16:58] app.CRITICAL: 当前内存使用量超过 88%。内存限制：134217728,已使用 119046144。task进程pid:2。内存峰值：119046144 [] []
[2019-06-21 10:16:59] app.ERROR: 当前内存使用量超过 91%。内存限制：134217728,已使用 122212352。task进程pid:4。内存峰值：122212352 [] []
[2019-06-21 10:16:59] app.ERROR: 当前内存使用量超过 90%。内存限制：134217728,已使用 121278464。task进程pid:3。内存峰值：121278464 [] []
[2019-06-21 10:16:59] app.ERROR: 当前内存使用量超过 91%。内存限制：134217728,已使用 122355712。task进程pid:7。内存峰值：122355712 [] []
[2019-06-21 10:16:59] app.CRITICAL: 当前内存使用量超过 87%。内存限制：134217728,已使用 117964800。task进程pid:8。内存峰值：117964800 [] []
[2019-06-21 10:16:59] app.EMERGENCY: 当前内存使用量超过 93%。内存限制：134217728,已使用 125669376。task进程pid:5。内存峰值：125669376 [] []
[2019-06-21 10:17:00] app.ERROR: 当前内存使用量超过 93%。内存限制：134217728,已使用 125956096。task进程pid:7。内存峰值：125956096 [] []
[2019-06-21 10:17:00] app.ERROR: 当前内存使用量超过 88%。内存限制：134217728,已使用 118325248。task进程pid:6。内存峰值：118325248 [] []
[2019-06-21 10:17:00] app.EMERGENCY: 当前内存使用量超过 93%。内存限制：134217728,已使用 125812736。task进程pid:4。内存峰值：125812736 [] []
[2019-06-21 10:17:00] app.EMERGENCY: 当前内存使用量超过 93%。内存限制：134217728,已使用 124878848。task进程pid:3。内存峰值：124878848 [] []
[2019-06-21 10:17:00] app.EMERGENCY: 当前内存使用量超过 88%。内存限制：134217728,已使用 118181888。task进程pid:9。内存峰值：118181888 [] []
[2019-06-21 10:17:00] app.ERROR: 当前内存使用量超过 88%。内存限制：134217728,已使用 119115776。task进程pid:2。内存峰值：119115776 [] []
[2019-06-21 10:17:01] app.ERROR: 当前内存使用量超过 89%。内存限制：134217728,已使用 119980032。task进程pid:2。内存峰值：119980032 [] []
[2019-06-21 10:17:01] app.ERROR: 当前内存使用量超过 90%。内存限制：134217728,已使用 120918016。task进程pid:6。内存峰值：120918016 [] []
[2019-06-21 10:17:01] app.EMERGENCY: 当前内存使用量超过 96%。内存限制：134217728,已使用 129556480。task进程pid:7。内存峰值：129556480 [] []
[2019-06-21 10:17:01] app.EMERGENCY: 当前内存使用量超过 87%。内存限制：134217728,已使用 118038528。task进程pid:8。内存峰值：118038528 [] []
[2019-06-21 10:17:02] app.CRITICAL: 当前内存使用量超过 94%。内存限制：134217728,已使用 126459904。task进程pid:3。内存峰值：126459904 [] []
[2019-06-21 10:17:02] app.CRITICAL: 当前内存使用量超过 94%。内存限制：134217728,已使用 127397888。task进程pid:4。内存峰值：127397888 [] []
[2019-06-21 10:17:02] app.EMERGENCY: 当前内存使用量超过 92%。内存限制：134217728,已使用 124518400。task进程pid:6。内存峰值：124518400 [] []
[2019-06-21 10:17:02] app.EMERGENCY: 当前内存使用量超过 92%。内存限制：134217728,已使用 123580416。task进程pid:2。内存峰值：123580416 [] []
[2019-06-21 10:17:02] app.CRITICAL: 当前内存使用量超过 89%。内存限制：134217728,已使用 120414208。task进程pid:9。内存峰值：120414208 [] []
[2019-06-21 10:17:03] app.CRITICAL: 当前内存使用量超过 94%。内存限制：134217728,已使用 127037440。task进程pid:5。内存峰值：127037440 [] []
[2019-06-21 10:17:04] app.CRITICAL: 当前内存使用量超过 97%。内存限制：134217728,已使用 131358720。task进程pid:7。内存峰值：131358720 [] []
[2019-06-21 10:17:04] app.CRITICAL: 当前内存使用量超过 94%。内存限制：134217728,已使用 126246912。task进程pid:2。内存峰值：126246912 [] []
[2019-06-21 10:17:04] app.CRITICAL: 当前内存使用量超过 89%。内存限制：134217728,已使用 119980032。task进程pid:8。内存峰值：119980032 [] []
[2019-06-21 10:17:04] app.ERROR: 当前内存使用量超过 89%。内存限制：134217728,已使用 120483840。task进程pid:9。内存峰值：120483840 [] []
[2019-06-21 10:17:05] app.ERROR: 当前内存使用量超过 89%。内存限制：134217728,已使用 120774656。task进程pid:9。内存峰值：120774656 [] []
[2019-06-21 10:17:05] app.CRITICAL: 当前内存使用量超过 94%。内存限制：134217728,已使用 127180800。task进程pid:6。内存峰值：127180800 [] []
[2019-06-21 10:17:05] app.ERROR: 当前内存使用量超过 94%。内存限制：134217728,已使用 126533632。task进程pid:3。内存峰值：126533632 [] []
[2019-06-21 10:17:05] app.ERROR: 当前内存使用量超过 94%。内存限制：134217728,已使用 127467520。task进程pid:4。内存峰值：127467520 [] []
[2019-06-21 10:17:06] app.EMERGENCY: 当前内存使用量超过 96%。内存限制：134217728,已使用 130134016。task进程pid:4。内存峰值：130134016 [] []
[2019-06-21 10:17:06] app.EMERGENCY: 当前内存使用量超过 96%。内存限制：134217728,已使用 129343488。task进程pid:3。内存峰值：129343488 [] []
[2019-06-21 10:17:06] app.EMERGENCY: 当前内存使用量超过 92%。内存限制：134217728,已使用 124375040。task进程pid:9。内存峰值：124375040 [] []
[2019-06-21 10:17:06] app.EMERGENCY: 当前内存使用量超过 94%。内存限制：134217728,已使用 127111168。task进程pid:5。内存峰值：127111168 [] []
[2019-06-21 10:17:06] app.ERROR: 当前内存使用量超过 97%。内存限制：134217728,已使用 131428352。task进程pid:7。内存峰值：131428352 [] []
[2019-06-21 10:17:06] app.ERROR: 当前内存使用量超过 89%。内存限制：134217728,已使用 120053760。task进程pid:8。内存峰值：120053760 [] []
[2019-06-21 10:17:06] app.ERROR: 当前内存使用量超过 94%。内存限制：134217728,已使用 126316544。task进程pid:2。内存峰值：126316544 [] []
[2019-06-21 10:17:07] app.ERROR: 当前内存使用量超过 94%。内存限制：134217728,已使用 127180800。task进程pid:2。内存峰值：127180800 [] []
[2019-06-21 10:17:07] app.ERROR: 当前内存使用量超过 94%。内存限制：134217728,已使用 127254528。task进程pid:6。内存峰值：127254528 [] []
[2019-06-21 10:17:07] app.EMERGENCY: 当前内存使用量超过 90%。内存限制：134217728,已使用 121638912。task进程pid:8。内存峰值：121638912 [] []
[2019-06-21 10:17:08] app.EMERGENCY: 当前内存使用量超过 97%。内存限制：134217728,已使用 130781184。task进程pid:2。内存峰值：130781184 [] []
[2019-06-21 10:17:08] app.CRITICAL: 当前内存使用量超过 98%。内存限制：134217728,已使用 131571712。task进程pid:4。内存峰值：131571712 [] []
[2019-06-21 10:17:08] app.EMERGENCY: 当前内存使用量超过 96%。内存限制：134217728,已使用 129699840。task进程pid:6。内存峰值：129699840 [] []
[2019-06-21 10:17:08] app.CRITICAL: 当前内存使用量超过 93%。内存限制：134217728,已使用 125886464。task进程pid:9。内存峰值：125886464 [] []
[2019-06-21 10:17:09] app.CRITICAL: 当前内存使用量超过 97%。内存限制：134217728,已使用 130854912。task进程pid:3。内存峰值：130854912 [] []
[2019-06-21 10:17:09] app.CRITICAL: 当前内存使用量超过 95%。内存限制：134217728,已使用 128622592。task进程pid:5。内存峰值：128622592 [] []
[2019-06-21 10:17:10] app.CRITICAL: 当前内存使用量超过 97%。内存限制：134217728,已使用 131141632。task进程pid:6。内存峰值：131141632 [] []
[2019-06-21 10:17:10] app.ERROR: 当前内存使用量超过 93%。内存限制：134217728,已使用 125956096。task进程pid:9。内存峰值：125956096 [] []
[2019-06-21 10:17:10] app.ERROR: 当前内存使用量超过 98%。内存限制：134217728,已使用 131645440。task进程pid:4。内存峰值：131645440 [] []
[2019-06-21 10:17:10] app.CRITICAL: 当前内存使用量超过 98%。内存限制：134217728,已使用 132222976。task进程pid:2。内存峰值：132222976 [] []
[2019-06-21 10:17:10] app.CRITICAL: 当前内存使用量超过 91%。内存限制：134217728,已使用 123367424。task进程pid:8。内存峰值：123367424 [] []
[2019-06-21 10:17:11] app.ERROR: 当前内存使用量超过 95%。内存限制：134217728,已使用 128331776。task进程pid:9。内存峰值：128331776 [] []
[2019-06-21 10:17:11] app.ERROR: 当前内存使用量超过 98%。内存限制：134217728,已使用 132870144。task进程pid:4。内存峰值：132870144 [] []
[2019-06-21 10:17:11] app.ERROR: 当前内存使用量超过 97%。内存限制：134217728,已使用 130924544。task进程pid:3。内存峰值：130924544 [] []
[2019-06-21 10:17:11] app.ERROR: 当前内存使用量超过 95%。内存限制：134217728,已使用 128692224。task进程pid:5。内存峰值：128692224 [] []
[2019-06-21 10:17:12] app.ERROR: 当前内存使用量超过 97%。内存限制：134217728,已使用 131215360。task进程pid:6。内存峰值：131215360 [] []
[2019-06-21 10:17:12] app.EMERGENCY: 当前内存使用量超过 96%。内存限制：134217728,已使用 129847296。task进程pid:5。内存峰值：129847296 [] []
[2019-06-21 10:17:12] app.EMERGENCY: 当前内存使用量超过 98%。内存限制：134217728,已使用 131932160。task进程pid:9。内存峰值：131932160 [] []
[2019-06-21 10:17:12] app.ERROR: 当前内存使用量超过 91%。内存限制：134217728,已使用 123437056。task进程pid:8。内存峰值：123437056 [] []
[2019-06-21 10:17:12] app.ERROR: 当前内存使用量超过 98%。内存限制：134217728,已使用 132292608。task进程pid:2。内存峰值：132292608 [] []
[2019-06-21 10:17:13] app.ERROR: 当前内存使用量超过 99%。内存限制：134217728,已使用 133877760。task进程pid:6。内存峰值：133877760 [] []
[2019-06-21 10:17:13] app.ERROR: 当前内存使用量超过 99%。内存限制：134217728,已使用 132939776。task进程pid:2。内存峰值：132939776 [] []
[2019-06-21 10:17:13] app.EMERGENCY: 当前内存使用量超过 93%。内存限制：134217728,已使用 125308928。task进程pid:8。内存峰值：125308928 [] []
[2019-06-21 10:17:14] app.CRITICAL: 当前内存使用量超过 97%。内存限制：134217728,已使用 131284992。task进程pid:5。内存峰值：131284992 [] []
[2019-06-21 10:17:14] app.CRITICAL: 当前内存使用量超过 99%。内存限制：134217728,已使用 133443584。task进程pid:9。内存峰值：133443584 [] []
[2019-06-21 10:17:15] app.CRITICAL: 当前内存使用量超过 94%。内存限制：134217728,已使用 126963712。task进程pid:8。内存峰值：126963712 [] []
[2019-06-21 10:17:16] app.ERROR: 当前内存使用量超过 99%。内存限制：134217728,已使用 133517312。task进程pid:9。内存峰值：133517312 [] []
[2019-06-21 10:17:16] app.EMERGENCY: 当前内存使用量超过 80%。内存限制：134217728,已使用 108597248。work进程pid:0。内存峰值：108597248 [] []
[2019-06-21 10:17:16] app.ERROR: 当前内存使用量超过 97%。内存限制：134217728,已使用 131358720。task进程pid:5。内存峰值：131358720 [] []
[2019-06-21 10:17:17] app.ERROR: 当前内存使用量超过 98%。内存限制：134217728,已使用 131932160。task进程pid:5。内存峰值：131932160 [] []
[2019-06-21 10:17:16] app.EMERGENCY: 当前内存使用量超过 80%。内存限制：134217728,已使用 108597248。work进程pid:1。内存峰值：108597248 [] []
[2019-06-21 10:17:17] app.CRITICAL: 当前内存使用量超过 83%。内存限制：134217728,已使用 112197632。work进程pid:1。内存峰值：112197632 [] []
[2019-06-21 10:17:17] app.CRITICAL: 当前内存使用量超过 83%。内存限制：134217728,已使用 112197632。work进程pid:0。内存峰值：112197632 [] []
[2019-06-21 10:17:18] app.ERROR: 当前内存使用量超过 86%。内存限制：134217728,已使用 115798016。work进程pid:1。内存峰值：115798016 [] []
[2019-06-21 10:17:18] app.ERROR: 当前内存使用量超过 86%。内存限制：134217728,已使用 115798016。work进程pid:0。内存峰值：115798016 [] []
[2019-06-21 10:17:19] app.ERROR: 当前内存使用量超过 88%。内存限制：134217728,已使用 119398400。work进程pid:0。内存峰值：119398400 [] []
[2019-06-21 10:17:19] app.ERROR: 当前内存使用量超过 88%。内存限制：134217728,已使用 119398400。work进程pid:1。内存峰值：119398400 [] []
[2019-06-21 10:17:19] app.EMERGENCY: 当前内存使用量超过 98%。内存限制：134217728,已使用 132726784。task进程pid:5。内存峰值：132726784 [] []
[2019-06-21 10:17:19] app.EMERGENCY: 当前内存使用量超过 94%。内存限制：134217728,已使用 127037440。task进程pid:8。内存峰值：127037440 [] []
[2019-06-21 10:17:20] app.ERROR: 当前内存使用量超过 91%。内存限制：134217728,已使用 122994688。work进程pid:1。内存峰值：122994688 [] []
[2019-06-21 10:17:21] app.CRITICAL: 当前内存使用量超过 94%。内存限制：134217728,已使用 126595072。work进程pid:1。内存峰值：126595072 [] []
[2019-06-21 10:17:21] app.CRITICAL: 当前内存使用量超过 95%。内存限制：134217728,已使用 128479232。task进程pid:8。内存峰值：128479232 [] []
[2019-06-21 10:17:21] app.CRITICAL: 当前内存使用量超过 99%。内存限制：134217728,已使用 134094848。task进程pid:5。内存峰值：134094848 [] []
[2019-06-21 10:17:22] app.EMERGENCY: 当前内存使用量超过 97%。内存限制：134217728,已使用 130195456。work进程pid:1。内存峰值：130195456 [] []
[2019-06-21 10:17:22] app.EMERGENCY: 当前内存使用量超过 97%。内存限制：134217728,已使用 130195456。work进程pid:0。内存峰值：130195456 [] []
[2019-06-21 10:17:23] app.ERROR: 当前内存使用量超过 99%。内存限制：134217728,已使用 133795840。work进程pid:0。内存峰值：133795840 [] []
[2019-06-21 10:17:23] app.ERROR: 当前内存使用量超过 99%。内存限制：134217728,已使用 133795840。work进程pid:1。内存峰值：133795840 [] []
[2019-06-21 10:17:23] app.CRITICAL: 当前内存使用量超过 94%。内存限制：134217728,已使用 126595072。work进程pid:0。内存峰值：126595072 [] []
[2019-06-21 10:17:24] app.ERROR: 当前内存使用量超过 91%。内存限制：134217728,已使用 122994688。work进程pid:0。内存峰值：122994688 [] []
[2019-06-21 10:17:24] app.ERROR: 当前内存使用量超过 99%。内存限制：134217728,已使用 134164480。task进程pid:5。内存峰值：134164480 [] []
