[2019-06-21 15:32:36][DEBUG][ERROR] : [Uncaught Swoole\Exception: failed to listen server port[0.0.0.0:9501], Error: Address already in use[48] in /Users/linvanda/Application/weicheche/usercenter/vendor/easyswoole/easyswoole/src/ServerManager.php:56
Stack trace:
#0 /Users/linvanda/Application/weicheche/usercenter/vendor/easyswoole/easyswoole/src/ServerManager.php(56): Swoole\Server->__construct('0.0.0.0', 9501, 2, 1)
#1 /Users/linvanda/Application/weicheche/usercenter/vendor/easyswoole/easyswoole/src/Core.php(117): EasySwoole\EasySwoole\ServerManager->createSwooleServer(9501, 2, '0.0.0.0', Array, 2, 1)
#2 /Users/linvanda/Application/weicheche/usercenter/vendor/easyswoole/easyswoole/src/Command/DefaultCommand/Start.php(42): EasySwoole\EasySwoole\Core->createServer()
#3 /Users/linvanda/Application/weicheche/usercenter/vendor/easyswoole/easyswoole/src/Command/CommandContainer.php(44): EasySwoole\EasySwoole\Command\DefaultCommand\Start->exec(Array)
#4 /Users/linvanda/Application/weicheche/usercenter/vendor/easyswoole/easyswoole/src/Command/CommandRunn at file:/Users/linvanda/Application/weicheche/usercenter/vendor/easyswoole/easyswoole/src/ServerManager.php line:56]
[2019-06-24 09:59:28][DEBUG][ERROR] : [Uncaught RedisException: Operation timed out in /Users/linvanda/Application/weicheche/usercenter/vendor/framework/wecarswoole/src/RedisFactory.php:28
Stack trace:
#0 /Users/linvanda/Application/weicheche/usercenter/vendor/framework/wecarswoole/src/RedisFactory.php(28): Redis->pconnect('db.redis.wcc.cn', 6379, 3)
#1 /Users/linvanda/Application/weicheche/usercenter/vendor/framework/wecarswoole/src/CronTabUtil.php(30): WecarSwoole\RedisFactory::build('main')
#2 /Users/linvanda/Application/weicheche/usercenter/EasySwooleEvent.php(46): WecarSwoole\CronTabUtil::register()
#3 /Users/linvanda/Application/weicheche/usercenter/vendor/easyswoole/easyswoole/src/Core.php(121): EasySwoole\EasySwoole\EasySwooleEvent::mainServerCreate(Object(EasySwoole\EasySwoole\Swoole\EventRegister))
#4 /Users/linvanda/Application/weicheche/usercenter/vendor/easyswoole/easyswoole/src/Command/DefaultCommand/Start.php(42): EasySwoole\EasySwoole\Core->createServer()
#5 /Users/linvanda/Application/weicheche/usercenter/vendor/easyswoole/easyswo at file:/Users/linvanda/Application/weicheche/usercenter/vendor/framework/wecarswoole/src/RedisFactory.php line:28]
[2019-06-24 10:17:25][DEBUG][ERROR] : [syntax error, unexpected ';', expecting ']' at file:/Users/linvanda/Application/weicheche/usercenter/app/Http/Controllers/V1/Users.php line:180]
[2019-06-24 11:35:59][DEBUG][NOTICE] : [Undefined index: onoff at file:/Users/linvanda/Application/weicheche/usercenter/vendor/framework/wecarswoole/src/Http/Middlewares/LockerMiddleware.php line:44]
[2019-06-24 11:44:53][DEBUG][NOTICE] : [Undefined index: onoff at file:/Users/linvanda/Application/weicheche/usercenter/vendor/framework/wecarswoole/src/Http/Middlewares/LockerMiddleware.php line:44]
[2019-06-24 11:46:20][DEBUG][NOTICE] : [Undefined index: onoff at file:/Users/linvanda/Application/weicheche/usercenter/vendor/framework/wecarswoole/src/Http/Middlewares/LockerMiddleware.php line:44]
[2019-06-24 11:47:03][DEBUG][NOTICE] : [Undefined index: onoff at file:/Users/linvanda/Application/weicheche/usercenter/vendor/framework/wecarswoole/src/Http/Middlewares/LockerMiddleware.php line:45]
[2019-06-24 11:48:13][DEBUG][NOTICE] : [Undefined index: onoff at file:/Users/linvanda/Application/weicheche/usercenter/vendor/framework/wecarswoole/src/Http/Middlewares/LockerMiddleware.php line:44]
[2019-06-24 12:08:34][DEBUG][NOTICE] : [Undefined property: WecarSwoole\Http\Middlewares\LockerMiddleware::$locker at file:/Users/linvanda/Application/weicheche/usercenter/vendor/framework/wecarswoole/src/Http/Middlewares/LockerMiddleware.php line:87]
[2019-06-24 12:10:15][DEBUG][NOTICE] : [Undefined property: WecarSwoole\Http\Middlewares\LockerMiddleware::$locker at file:/Users/linvanda/Application/weicheche/usercenter/vendor/framework/wecarswoole/src/Http/Middlewares/LockerMiddleware.php line:87]
[2019-06-24 14:16:42][DEBUG][NOTICE] : [Undefined variable: conf at file:/Users/linvanda/Application/weicheche/usercenter/vendor/framework/wecarswoole/src/Http/Middlewares/LockerMiddleware.php line:58]
[2019-06-24 14:16:42][DEBUG][NOTICE] : [Undefined variable: conf at file:/Users/linvanda/Application/weicheche/usercenter/vendor/framework/wecarswoole/src/Http/Middlewares/LockerMiddleware.php line:58]
[2019-06-24 14:16:43][DEBUG][NOTICE] : [Undefined variable: conf at file:/Users/linvanda/Application/weicheche/usercenter/vendor/framework/wecarswoole/src/Http/Middlewares/LockerMiddleware.php line:58]
[2019-06-24 14:16:43][DEBUG][NOTICE] : [Undefined variable: conf at file:/Users/linvanda/Application/weicheche/usercenter/vendor/framework/wecarswoole/src/Http/Middlewares/LockerMiddleware.php line:58]
[2019-06-24 14:16:43][DEBUG][NOTICE] : [Undefined variable: conf at file:/Users/linvanda/Application/weicheche/usercenter/vendor/framework/wecarswoole/src/Http/Middlewares/LockerMiddleware.php line:58]
[2019-06-24 14:16:44][DEBUG][NOTICE] : [Undefined variable: conf at file:/Users/linvanda/Application/weicheche/usercenter/vendor/framework/wecarswoole/src/Http/Middlewares/LockerMiddleware.php line:58]
[2019-06-24 14:16:46][DEBUG][NOTICE] : [Undefined variable: conf at file:/Users/linvanda/Application/weicheche/usercenter/vendor/framework/wecarswoole/src/Http/Middlewares/LockerMiddleware.php line:58]
[2019-06-24 14:21:51][DEBUG][NOTICE] : [Undefined index: query_string at file:/Users/linvanda/Application/weicheche/usercenter/vendor/framework/wecarswoole/src/Http/Middlewares/LockerMiddleware.php line:146]
[2019-06-24 14:21:51][DEBUG][NOTICE] : [Undefined index: query_string at file:/Users/linvanda/Application/weicheche/usercenter/vendor/framework/wecarswoole/src/Http/Middlewares/LockerMiddleware.php line:146]
[2019-06-24 14:21:51][DEBUG][NOTICE] : [Undefined index: query_string at file:/Users/linvanda/Application/weicheche/usercenter/vendor/framework/wecarswoole/src/Http/Middlewares/LockerMiddleware.php line:146]
[2019-06-24 14:21:52][DEBUG][NOTICE] : [Undefined index: query_string at file:/Users/linvanda/Application/weicheche/usercenter/vendor/framework/wecarswoole/src/Http/Middlewares/LockerMiddleware.php line:146]
[2019-06-24 14:21:52][DEBUG][NOTICE] : [Undefined index: query_string at file:/Users/linvanda/Application/weicheche/usercenter/vendor/framework/wecarswoole/src/Http/Middlewares/LockerMiddleware.php line:146]
[2019-06-24 14:21:52][DEBUG][NOTICE] : [Undefined index: query_string at file:/Users/linvanda/Application/weicheche/usercenter/vendor/framework/wecarswoole/src/Http/Middlewares/LockerMiddleware.php line:146]
[2019-06-24 14:21:52][DEBUG][NOTICE] : [Undefined index: query_string at file:/Users/linvanda/Application/weicheche/usercenter/vendor/framework/wecarswoole/src/Http/Middlewares/LockerMiddleware.php line:146]
[2019-06-24 14:21:53][DEBUG][NOTICE] : [Undefined index: query_string at file:/Users/linvanda/Application/weicheche/usercenter/vendor/framework/wecarswoole/src/Http/Middlewares/LockerMiddleware.php line:146]
[2019-06-24 14:21:53][DEBUG][NOTICE] : [Undefined index: query_string at file:/Users/linvanda/Application/weicheche/usercenter/vendor/framework/wecarswoole/src/Http/Middlewares/LockerMiddleware.php line:146]
[2019-06-24 14:21:53][DEBUG][NOTICE] : [Undefined index: query_string at file:/Users/linvanda/Application/weicheche/usercenter/vendor/framework/wecarswoole/src/Http/Middlewares/LockerMiddleware.php line:146]
[2019-06-24 14:21:53][DEBUG][NOTICE] : [Undefined index: query_string at file:/Users/linvanda/Application/weicheche/usercenter/vendor/framework/wecarswoole/src/Http/Middlewares/LockerMiddleware.php line:146]
[2019-06-24 14:21:53][DEBUG][NOTICE] : [Undefined index: query_string at file:/Users/linvanda/Application/weicheche/usercenter/vendor/framework/wecarswoole/src/Http/Middlewares/LockerMiddleware.php line:146]
[2019-06-24 14:21:54][DEBUG][NOTICE] : [Undefined index: query_string at file:/Users/linvanda/Application/weicheche/usercenter/vendor/framework/wecarswoole/src/Http/Middlewares/LockerMiddleware.php line:146]
[2019-06-24 14:21:55][DEBUG][NOTICE] : [Undefined index: query_string at file:/Users/linvanda/Application/weicheche/usercenter/vendor/framework/wecarswoole/src/Http/Middlewares/LockerMiddleware.php line:146]
[2019-06-24 15:12:43][DEBUG][WARNING] : [array_map() expects parameter 1 to be a valid callback, array must have exactly two members at file:/Users/linvanda/Application/weicheche/usercenter/vendor/framework/wecarswoole/src/Http/Middlewares/RequestRecordMiddleware.php line:37]
[2019-06-24 15:12:43][DEBUG][WARNING] : [in_array() expects parameter 2 to be array, null given at file:/Users/linvanda/Application/weicheche/usercenter/vendor/framework/wecarswoole/src/Http/Middlewares/RequestRecordMiddleware.php line:37]
[2019-06-24 15:12:43][DEBUG][WARNING] : [array_map() expects parameter 1 to be a valid callback, array must have exactly two members at file:/Users/linvanda/Application/weicheche/usercenter/vendor/framework/wecarswoole/src/Http/Middlewares/RequestRecordMiddleware.php line:37]
[2019-06-24 15:12:43][DEBUG][WARNING] : [in_array() expects parameter 2 to be array, null given at file:/Users/linvanda/Application/weicheche/usercenter/vendor/framework/wecarswoole/src/Http/Middlewares/RequestRecordMiddleware.php line:37]
[2019-06-24 15:14:25][DEBUG][WARNING] : [array_map() expects at least 2 parameters, 1 given at file:/Users/linvanda/Application/weicheche/usercenter/vendor/framework/wecarswoole/src/Http/Middlewares/RequestRecordMiddleware.php line:37]
[2019-06-24 15:14:25][DEBUG][WARNING] : [in_array() expects parameter 2 to be array, null given at file:/Users/linvanda/Application/weicheche/usercenter/vendor/framework/wecarswoole/src/Http/Middlewares/RequestRecordMiddleware.php line:37]
[2019-06-24 15:14:25][DEBUG][WARNING] : [array_map() expects at least 2 parameters, 1 given at file:/Users/linvanda/Application/weicheche/usercenter/vendor/framework/wecarswoole/src/Http/Middlewares/RequestRecordMiddleware.php line:37]
[2019-06-24 15:14:25][DEBUG][WARNING] : [in_array() expects parameter 2 to be array, null given at file:/Users/linvanda/Application/weicheche/usercenter/vendor/framework/wecarswoole/src/Http/Middlewares/RequestRecordMiddleware.php line:37]
[2019-06-24 15:14:34][DEBUG][WARNING] : [array_map() expects at least 2 parameters, 1 given at file:/Users/linvanda/Application/weicheche/usercenter/vendor/framework/wecarswoole/src/Http/Middlewares/RequestRecordMiddleware.php line:37]
[2019-06-24 15:14:34][DEBUG][WARNING] : [in_array() expects parameter 2 to be array, null given at file:/Users/linvanda/Application/weicheche/usercenter/vendor/framework/wecarswoole/src/Http/Middlewares/RequestRecordMiddleware.php line:37]
[2019-06-24 15:14:34][DEBUG][WARNING] : [array_map() expects at least 2 parameters, 1 given at file:/Users/linvanda/Application/weicheche/usercenter/vendor/framework/wecarswoole/src/Http/Middlewares/RequestRecordMiddleware.php line:37]
[2019-06-24 15:14:34][DEBUG][WARNING] : [in_array() expects parameter 2 to be array, null given at file:/Users/linvanda/Application/weicheche/usercenter/vendor/framework/wecarswoole/src/Http/Middlewares/RequestRecordMiddleware.php line:37]
[2019-06-24 15:25:39][DEBUG][NOTICE] : [Undefined index: phone at file:/Users/linvanda/Application/weicheche/usercenter/vendor/framework/wecarswoole/src/Http/Middlewares/LockerMiddleware.php line:133]
[2019-06-24 15:25:39][DEBUG][NOTICE] : [Undefined index: phone at file:/Users/linvanda/Application/weicheche/usercenter/vendor/framework/wecarswoole/src/Http/Middlewares/LockerMiddleware.php line:133]
[2019-06-24 15:25:40][DEBUG][NOTICE] : [Undefined index: phone at file:/Users/linvanda/Application/weicheche/usercenter/vendor/framework/wecarswoole/src/Http/Middlewares/LockerMiddleware.php line:133]
[2019-06-24 15:25:40][DEBUG][NOTICE] : [Undefined index: phone at file:/Users/linvanda/Application/weicheche/usercenter/vendor/framework/wecarswoole/src/Http/Middlewares/LockerMiddleware.php line:133]
[2019-06-24 15:25:40][DEBUG][NOTICE] : [Undefined index: phone at file:/Users/linvanda/Application/weicheche/usercenter/vendor/framework/wecarswoole/src/Http/Middlewares/LockerMiddleware.php line:133]
[2019-06-24 15:25:40][DEBUG][NOTICE] : [Undefined index: phone at file:/Users/linvanda/Application/weicheche/usercenter/vendor/framework/wecarswoole/src/Http/Middlewares/LockerMiddleware.php line:133]
[2019-06-24 15:25:43][DEBUG][NOTICE] : [Undefined index: phone at file:/Users/linvanda/Application/weicheche/usercenter/vendor/framework/wecarswoole/src/Http/Middlewares/LockerMiddleware.php line:133]
[2019-06-24 15:25:45][DEBUG][NOTICE] : [Undefined index: phone at file:/Users/linvanda/Application/weicheche/usercenter/vendor/framework/wecarswoole/src/Http/Middlewares/LockerMiddleware.php line:133]
[2019-06-24 15:25:45][DEBUG][NOTICE] : [Undefined index: phone at file:/Users/linvanda/Application/weicheche/usercenter/vendor/framework/wecarswoole/src/Http/Middlewares/LockerMiddleware.php line:133]
[2019-06-24 15:25:45][DEBUG][NOTICE] : [Undefined index: phone at file:/Users/linvanda/Application/weicheche/usercenter/vendor/framework/wecarswoole/src/Http/Middlewares/LockerMiddleware.php line:133]
[2019-06-24 15:27:34][DEBUG][NOTICE] : [Undefined index: phone at file:/Users/linvanda/Application/weicheche/usercenter/vendor/framework/wecarswoole/src/Http/Middlewares/LockerMiddleware.php line:133]
[2019-06-24 17:29:59][DEBUG][WARNING] : [Swoole\Coroutine::sleep(): Timer must be greater than 0 at file:/Users/linvanda/Application/weicheche/usercenter/app/Http/Controllers/V1/Users.php line:195]
[2019-06-25 18:12:45][DEBUG][ERROR] : [Uncaught Swoole\Exception: failed to listen server port[0.0.0.0:80], Error: Permission denied[13] in /Users/linvanda/Application/weicheche/usercenter/vendor/easyswoole/easyswoole/src/ServerManager.php:56
Stack trace:
#0 /Users/linvanda/Application/weicheche/usercenter/vendor/easyswoole/easyswoole/src/ServerManager.php(56): Swoole\Server->__construct('0.0.0.0', 80, 2, 1)
#1 /Users/linvanda/Application/weicheche/usercenter/vendor/easyswoole/easyswoole/src/Core.php(117): EasySwoole\EasySwoole\ServerManager->createSwooleServer(80, 2, '0.0.0.0', Array, 2, 1)
#2 /Users/linvanda/Application/weicheche/usercenter/vendor/easyswoole/easyswoole/src/Command/DefaultCommand/Start.php(42): EasySwoole\EasySwoole\Core->createServer()
#3 /Users/linvanda/Application/weicheche/usercenter/vendor/easyswoole/easyswoole/src/Command/CommandContainer.php(44): EasySwoole\EasySwoole\Command\DefaultCommand\Start->exec(Array)
#4 /Users/linvanda/Application/weicheche/usercenter/vendor/easyswoole/easyswoole/src/Command/CommandRunner.php(52): at file:/Users/linvanda/Application/weicheche/usercenter/vendor/easyswoole/easyswoole/src/ServerManager.php line:56]
[2019-06-25 18:13:09][DEBUG][ERROR] : [Uncaught Swoole\Exception: failed to listen server port[0.0.0.0:80], Error: Permission denied[13] in /Users/linvanda/Application/weicheche/usercenter/vendor/easyswoole/easyswoole/src/ServerManager.php:56
Stack trace:
#0 /Users/linvanda/Application/weicheche/usercenter/vendor/easyswoole/easyswoole/src/ServerManager.php(56): Swoole\Server->__construct('0.0.0.0', 80, 2, 1)
#1 /Users/linvanda/Application/weicheche/usercenter/vendor/easyswoole/easyswoole/src/Core.php(117): EasySwoole\EasySwoole\ServerManager->createSwooleServer(80, 2, '0.0.0.0', Array, 2, 1)
#2 /Users/linvanda/Application/weicheche/usercenter/vendor/easyswoole/easyswoole/src/Command/DefaultCommand/Start.php(42): EasySwoole\EasySwoole\Core->createServer()
#3 /Users/linvanda/Application/weicheche/usercenter/vendor/easyswoole/easyswoole/src/Command/CommandContainer.php(44): EasySwoole\EasySwoole\Command\DefaultCommand\Start->exec(Array)
#4 /Users/linvanda/Application/weicheche/usercenter/vendor/easyswoole/easyswoole/src/Command/CommandRunner.php(52): at file:/Users/linvanda/Application/weicheche/usercenter/vendor/easyswoole/easyswoole/src/ServerManager.php line:56]
[2019-06-25 21:12:35][DEBUG][NOTICE] : [Undefined index: arg at file:/Users/linvanda/Application/weicheche/usercenter/vendor/framework/wecarswoole/src/Http/Middlewares/ValidateMiddleware.php line:102]
[2019-06-26 14:45:04][DEBUG][NOTICE] : [Undefined variable: conn at file:/Users/linvanda/Application/weicheche/usercenter/vendor/dev/mysql/src/Pool/CoPool.php line:143]
[2019-06-26 14:45:54][DEBUG][NOTICE] : [Undefined variable: conn at file:/Users/linvanda/Application/weicheche/usercenter/vendor/dev/mysql/src/Pool/CoPool.php line:143]
[2019-06-26 20:08:35][DEBUG][NOTICE] : [Array to string conversion at file:/Users/linvanda/Application/weicheche/usercenter/app/Http/Controllers/V1/Users.php line:39]
[2019-06-26 20:09:13][DEBUG][NOTICE] : [Undefined index: partner_type at file:/Users/linvanda/Application/weicheche/usercenter/app/Http/Controllers/V1/Users.php line:38]
[2019-06-26 20:10:10][DEBUG][NOTICE] : [Undefined index: partner_type at file:/Users/linvanda/Application/weicheche/usercenter/app/Http/Controllers/V1/Users.php line:38]
[2019-06-26 20:11:43][DEBUG][NOTICE] : [Undefined index: partner_type at file:/Users/linvanda/Application/weicheche/usercenter/app/Http/Controllers/V1/Users.php line:38]
[2019-06-26 20:12:14][DEBUG][NOTICE] : [Undefined index: partner_type at file:/Users/linvanda/Application/weicheche/usercenter/app/Http/Controllers/V1/Users.php line:38]
[2019-06-26 20:12:16][DEBUG][NOTICE] : [Undefined index: partner_type at file:/Users/linvanda/Application/weicheche/usercenter/app/Http/Controllers/V1/Users.php line:38]
[2019-06-26 20:12:33][DEBUG][NOTICE] : [Undefined index: partner_type at file:/Users/linvanda/Application/weicheche/usercenter/app/Http/Controllers/V1/Users.php line:38]
[2019-06-26 20:12:49][DEBUG][NOTICE] : [Undefined index: partner_type at file:/Users/linvanda/Application/weicheche/usercenter/app/Http/Controllers/V1/Users.php line:38]
[2019-06-26 20:24:33][DEBUG][NOTICE] : [Undefined index: gender at file:/Users/linvanda/Application/weicheche/usercenter/vendor/framework/wecarswoole/src/ATO/ArrayToObject.php line:88]
